[2026-06-23T08:34:17.699Z] 401 - authentication invalid
UnauthenticatedError: authentication invalid
    at authenticateUser (file:///D:/Ravi/Radhe/thespotcampusfinal/server/src/middleware/authMiddleware.js:6:21)
    at newFn (D:\Ravi\Radhe\thespotcampusfinal\server\node_modules\express-async-errors\index.js:16:20)
    at Layer.handle [as handle_request] (D:\Ravi\Radhe\thespotcampusfinal\server\node_modules\express\lib\router\layer.js:95:5)
    at trim_prefix (D:\Ravi\Radhe\thespotcampusfinal\server\node_modules\express\lib\router\index.js:328:13)
    at D:\Ravi\Radhe\thespotcampusfinal\server\node_modules\express\lib\router\index.js:286:9
    at Function.process_params (D:\Ravi\Radhe\thespotcampusfinal\server\node_modules\express\lib\router\index.js:346:12)
    at next (D:\Ravi\Radhe\thespotcampusfinal\server\node_modules\express\lib\router\index.js:280:10)
    at jsonParser (D:\Ravi\Radhe\thespotcampusfinal\server\node_modules\body-parser\lib\types\json.js:113:7)
    at newFn (D:\Ravi\Radhe\thespotcampusfinal\server\node_modules\express-async-errors\index.js:16:20)
    at Layer.handle [as handle_request] (D:\Ravi\Radhe\thespotcampusfinal\server\node_modules\express\lib\router\layer.js:95:5)

[2026-06-23T09:10:22.419Z] 401 - authentication invalid
UnauthenticatedError: authentication invalid
    at authenticateUser (file:///D:/Ravi/Radhe/thespotcampusfinal/server/src/middleware/authMiddleware.js:6:21)
    at newFn (D:\Ravi\Radhe\thespotcampusfinal\server\node_modules\express-async-errors\index.js:16:20)
    at Layer.handle [as handle_request] (D:\Ravi\Radhe\thespotcampusfinal\server\node_modules\express\lib\router\layer.js:95:5)
    at trim_prefix (D:\Ravi\Radhe\thespotcampusfinal\server\node_modules\express\lib\router\index.js:328:13)
    at D:\Ravi\Radhe\thespotcampusfinal\server\node_modules\express\lib\router\index.js:286:9
    at Function.process_params (D:\Ravi\Radhe\thespotcampusfinal\server\node_modules\express\lib\router\index.js:346:12)
    at next (D:\Ravi\Radhe\thespotcampusfinal\server\node_modules\express\lib\router\index.js:280:10)
    at jsonParser (D:\Ravi\Radhe\thespotcampusfinal\server\node_modules\body-parser\lib\types\json.js:113:7)
    at newFn (D:\Ravi\Radhe\thespotcampusfinal\server\node_modules\express-async-errors\index.js:16:20)
    at Layer.handle [as handle_request] (D:\Ravi\Radhe\thespotcampusfinal\server\node_modules\express\lib\router\layer.js:95:5)

[2026-06-23T09:47:54.226Z] 401 - authentication invalid
UnauthenticatedError: authentication invalid
    at authenticateUser (file:///D:/Ravi/Radhe/thespotcampusfinal/server/src/middleware/authMiddleware.js:6:21)
    at newFn (D:\Ravi\Radhe\thespotcampusfinal\server\node_modules\express-async-errors\index.js:16:20)
    at Layer.handle [as handle_request] (D:\Ravi\Radhe\thespotcampusfinal\server\node_modules\express\lib\router\layer.js:95:5)
    at trim_prefix (D:\Ravi\Radhe\thespotcampusfinal\server\node_modules\express\lib\router\index.js:328:13)
    at D:\Ravi\Radhe\thespotcampusfinal\server\node_modules\express\lib\router\index.js:286:9
    at Function.process_params (D:\Ravi\Radhe\thespotcampusfinal\server\node_modules\express\lib\router\index.js:346:12)
    at next (D:\Ravi\Radhe\thespotcampusfinal\server\node_modules\express\lib\router\index.js:280:10)
    at jsonParser (D:\Ravi\Radhe\thespotcampusfinal\server\node_modules\body-parser\lib\types\json.js:113:7)
    at newFn (D:\Ravi\Radhe\thespotcampusfinal\server\node_modules\express-async-errors\index.js:16:20)
    at Layer.handle [as handle_request] (D:\Ravi\Radhe\thespotcampusfinal\server\node_modules\express\lib\router\layer.js:95:5)

